I, [2016-03-19T19:57:40.724333 #11941]  INFO -- default-opscode-centos-71: -----> Cleaning up any prior instances of <default-opscode-centos-71>
I, [2016-03-19T19:57:40.724831 #11941]  INFO -- default-opscode-centos-71: -----> Destroying <default-opscode-centos-71>...
I, [2016-03-19T19:57:42.609728 #11941]  INFO -- default-opscode-centos-71: ==> default: Forcing shutdown of VM...
I, [2016-03-19T19:57:43.957587 #11941]  INFO -- default-opscode-centos-71: ==> default: Destroying VM and associated drives...
I, [2016-03-19T19:57:44.220539 #11941]  INFO -- default-opscode-centos-71: Vagrant instance <default-opscode-centos-71> destroyed.
I, [2016-03-19T19:57:44.222495 #11941]  INFO -- default-opscode-centos-71: Finished destroying <default-opscode-centos-71> (0m3.50s).
I, [2016-03-19T19:57:44.223583 #11941]  INFO -- default-opscode-centos-71: -----> Testing <default-opscode-centos-71>
I, [2016-03-19T19:57:44.223875 #11941]  INFO -- default-opscode-centos-71: -----> Creating <default-opscode-centos-71>...
I, [2016-03-19T19:57:45.239954 #11941]  INFO -- default-opscode-centos-71: Bringing machine 'default' up with 'virtualbox' provider...
I, [2016-03-19T19:57:45.406245 #11941]  INFO -- default-opscode-centos-71: ==> default: Importing base box 'opscode-centos-7.1'...
I, [2016-03-19T19:57:50.337347 #11941]  INFO -- default-opscode-centos-71: [KProgress: 20%[KProgress: 50%[KProgress: 70%[KProgress: 90%[K==> default: Matching MAC address for NAT networking...
I, [2016-03-19T19:57:51.015159 #11941]  INFO -- default-opscode-centos-71: ==> default: Setting the name of the VM: kitchen-tested-default-opscode-centos-71_default_1458413870975_43400
I, [2016-03-19T19:57:51.364724 #11941]  INFO -- default-opscode-centos-71: ==> default: Clearing any previously set network interfaces...
I, [2016-03-19T19:57:51.406490 #11941]  INFO -- default-opscode-centos-71: ==> default: Preparing network interfaces based on configuration...
I, [2016-03-19T19:57:51.406914 #11941]  INFO -- default-opscode-centos-71:     default: Adapter 1: nat
I, [2016-03-19T19:57:51.452381 #11941]  INFO -- default-opscode-centos-71: ==> default: Forwarding ports...
I, [2016-03-19T19:57:51.517557 #11941]  INFO -- default-opscode-centos-71:     default: 22 => 2222 (adapter 1)
I, [2016-03-19T19:57:51.640361 #11941]  INFO -- default-opscode-centos-71: ==> default: Booting VM...
I, [2016-03-19T19:57:51.866033 #11941]  INFO -- default-opscode-centos-71: ==> default: Waiting for machine to boot. This may take a few minutes...
I, [2016-03-19T19:57:52.237103 #11941]  INFO -- default-opscode-centos-71:     default: SSH address: 127.0.0.1:2222
I, [2016-03-19T19:57:52.237215 #11941]  INFO -- default-opscode-centos-71:     default: SSH username: vagrant
I, [2016-03-19T19:57:52.237421 #11941]  INFO -- default-opscode-centos-71:     default: SSH auth method: private key
I, [2016-03-19T19:58:07.421912 #11941]  INFO -- default-opscode-centos-71:     default: Warning: Connection timeout. Retrying...
I, [2016-03-19T19:58:08.088971 #11941]  INFO -- default-opscode-centos-71:     default: 
I, [2016-03-19T19:58:08.089029 #11941]  INFO -- default-opscode-centos-71:     default: Vagrant insecure key detected. Vagrant will automatically replace
I, [2016-03-19T19:58:08.089049 #11941]  INFO -- default-opscode-centos-71:     default: this with a newly generated keypair for better security.
I, [2016-03-19T19:58:09.143411 #11941]  INFO -- default-opscode-centos-71:     default: 
I, [2016-03-19T19:58:09.143491 #11941]  INFO -- default-opscode-centos-71:     default: Inserting generated public key within guest...
I, [2016-03-19T19:58:09.513934 #11941]  INFO -- default-opscode-centos-71:     default: Removing insecure key from the guest if its present...
I, [2016-03-19T19:58:09.741159 #11941]  INFO -- default-opscode-centos-71:     default: Key inserted! Disconnecting and reconnecting using new SSH key...
I, [2016-03-19T19:58:10.919071 #11941]  INFO -- default-opscode-centos-71: ==> default: Machine booted and ready!
I, [2016-03-19T19:58:10.919431 #11941]  INFO -- default-opscode-centos-71: ==> default: Checking for guest additions in VM...
I, [2016-03-19T19:58:10.957947 #11941]  INFO -- default-opscode-centos-71:     default: The guest additions on this VM do not match the installed version of
I, [2016-03-19T19:58:10.958081 #11941]  INFO -- default-opscode-centos-71:     default: VirtualBox! In most cases this is fine, but in rare cases it can
I, [2016-03-19T19:58:10.958135 #11941]  INFO -- default-opscode-centos-71:     default: prevent things such as shared folders from working properly. If you see
I, [2016-03-19T19:58:10.958179 #11941]  INFO -- default-opscode-centos-71:     default: shared folder errors, please make sure the guest additions within the
I, [2016-03-19T19:58:10.958219 #11941]  INFO -- default-opscode-centos-71:     default: virtual machine match the version of VirtualBox you have installed on
I, [2016-03-19T19:58:10.958258 #11941]  INFO -- default-opscode-centos-71:     default: your host and reload your VM.
I, [2016-03-19T19:58:10.958295 #11941]  INFO -- default-opscode-centos-71:     default: 
I, [2016-03-19T19:58:10.958334 #11941]  INFO -- default-opscode-centos-71:     default: Guest Additions Version: 5.0.6
I, [2016-03-19T19:58:10.958372 #11941]  INFO -- default-opscode-centos-71:     default: VirtualBox Version: 4.3
I, [2016-03-19T19:58:10.958805 #11941]  INFO -- default-opscode-centos-71: ==> default: Setting hostname...
I, [2016-03-19T19:58:12.046869 #11941]  INFO -- default-opscode-centos-71: ==> default: Machine not provisioning because `--no-provision` is specified.
I, [2016-03-19T19:58:13.791107 #11941]  INFO -- default-opscode-centos-71: /etc/profile.d/lang.sh: line 19: warning: setlocale: LC_CTYPE: cannot change locale (UTF-8): No such file or directory
I, [2016-03-19T19:58:13.796261 #11941]  INFO -- default-opscode-centos-71: [SSH] Established
I, [2016-03-19T19:58:13.796692 #11941]  INFO -- default-opscode-centos-71: Vagrant instance <default-opscode-centos-71> created.
I, [2016-03-19T19:58:13.797543 #11941]  INFO -- default-opscode-centos-71: Finished creating <default-opscode-centos-71> (0m29.57s).
I, [2016-03-19T19:58:13.797639 #11941]  INFO -- default-opscode-centos-71: -----> Converging <default-opscode-centos-71>...
I, [2016-03-19T19:58:13.799045 #11941]  INFO -- default-opscode-centos-71: Preparing files for transfer
I, [2016-03-19T19:58:13.799182 #11941]  INFO -- default-opscode-centos-71: Preparing dna.json
I, [2016-03-19T19:58:13.799646 #11941]  INFO -- default-opscode-centos-71: Preparing current project directory as a cookbook
I, [2016-03-19T19:58:13.803513 #11941]  INFO -- default-opscode-centos-71: Removing non-cookbook files before transfer
I, [2016-03-19T19:58:13.806757 #11941]  INFO -- default-opscode-centos-71: Preparing solo.rb
I, [2016-03-19T19:58:13.911331 #11941]  INFO -- default-opscode-centos-71: /etc/profile.d/lang.sh: line 19: warning: setlocale: LC_CTYPE: cannot change locale (UTF-8): No such file or directory
I, [2016-03-19T19:58:13.917901 #11941]  INFO -- default-opscode-centos-71: -----> Installing Chef Omnibus (install only if missing)
I, [2016-03-19T19:58:13.930187 #11941]  INFO -- default-opscode-centos-71: Downloading https://www.chef.io/chef/install.sh to file /tmp/install.sh
I, [2016-03-19T19:58:13.930240 #11941]  INFO -- default-opscode-centos-71: Trying wget...
I, [2016-03-19T19:58:15.174621 #11941]  INFO -- default-opscode-centos-71: Download complete.
I, [2016-03-19T19:58:15.227462 #11941]  INFO -- default-opscode-centos-71: Getting information for chef stable  for el...
I, [2016-03-19T19:58:15.227535 #11941]  INFO -- default-opscode-centos-71: downloading https://omnitruck-direct.chef.io/stable/chef/metadata?v=&p=el&pv=7&m=x86_64
I, [2016-03-19T19:58:15.227574 #11941]  INFO -- default-opscode-centos-71:   to file /tmp/install.sh.7655/metadata.txt
I, [2016-03-19T19:58:15.228911 #11941]  INFO -- default-opscode-centos-71: trying wget...
I, [2016-03-19T19:58:16.287301 #11941]  INFO -- default-opscode-centos-71: url	https://opscode-omnibus-packages.s3.amazonaws.com/el/7/x86_64/chef-12.8.1-1.el7.x86_64.rpm
I, [2016-03-19T19:58:16.287356 #11941]  INFO -- default-opscode-centos-71: md5	cd02aab2dd9461d2f30810954782a409
I, [2016-03-19T19:58:16.287392 #11941]  INFO -- default-opscode-centos-71: sha256	a9c80dfc45b5204684cb5344e77230ff3403a5f8d057dd063b0707d785ccd236
I, [2016-03-19T19:58:16.296192 #11941]  INFO -- default-opscode-centos-71: downloaded metadata file looks valid...
I, [2016-03-19T19:58:16.321256 #11941]  INFO -- default-opscode-centos-71: downloading https://opscode-omnibus-packages.s3.amazonaws.com/el/7/x86_64/chef-12.8.1-1.el7.x86_64.rpm
I, [2016-03-19T19:58:16.321310 #11941]  INFO -- default-opscode-centos-71:   to file /tmp/install.sh.7655/chef-12.8.1-1.el7.x86_64.rpm
I, [2016-03-19T19:58:16.324184 #11941]  INFO -- default-opscode-centos-71: trying wget...
